<?xml version="1.0" encoding="UTF-8"?>
<testsuite xmlns:xsi="http://www.w3.org/2001/XMLSchema-instance" xsi:noNamespaceSchemaLocation="https://maven.apache.org/surefire/maven-surefire-plugin/xsd/surefire-test-report-3.0.xsd" version="3.0" name="TestSuite" time="2.284" tests="5" errors="0" skipped="4" failures="1">
  <properties>
    <property name="java.specification.version" value="17"/>
    <property name="sun.jnu.encoding" value="UTF-8"/>
    <property name="java.class.path" value="/Users/Nabeel/eclipse-workspace/E2EJuly2022/target/test-classes:/Users/Nabeel/eclipse-workspace/E2EJuly2022/target/classes:/Users/Nabeel/.m2/repository/org/seleniumhq/selenium/selenium-java/4.3.0/selenium-java-4.3.0.jar:/Users/Nabeel/.m2/repository/org/seleniumhq/selenium/selenium-api/4.3.0/selenium-api-4.3.0.jar:/Users/Nabeel/.m2/repository/org/seleniumhq/selenium/selenium-chrome-driver/4.3.0/selenium-chrome-driver-4.3.0.jar:/Users/Nabeel/.m2/repository/com/google/auto/service/auto-service-annotations/1.0.1/auto-service-annotations-1.0.1.jar:/Users/Nabeel/.m2/repository/com/google/auto/service/auto-service/1.0.1/auto-service-1.0.1.jar:/Users/Nabeel/.m2/repository/com/google/auto/auto-common/1.2/auto-common-1.2.jar:/Users/Nabeel/.m2/repository/com/google/guava/guava/31.1-jre/guava-31.1-jre.jar:/Users/Nabeel/.m2/repository/com/google/guava/failureaccess/1.0.1/failureaccess-1.0.1.jar:/Users/Nabeel/.m2/repository/com/google/guava/listenablefuture/9999.0-empty-to-avoid-conflict-with-guava/listenablefuture-9999.0-empty-to-avoid-conflict-with-guava.jar:/Users/Nabeel/.m2/repository/org/checkerframework/checker-qual/3.12.0/checker-qual-3.12.0.jar:/Users/Nabeel/.m2/repository/com/google/errorprone/error_prone_annotations/2.11.0/error_prone_annotations-2.11.0.jar:/Users/Nabeel/.m2/repository/com/google/j2objc/j2objc-annotations/1.3/j2objc-annotations-1.3.jar:/Users/Nabeel/.m2/repository/org/seleniumhq/selenium/selenium-chromium-driver/4.3.0/selenium-chromium-driver-4.3.0.jar:/Users/Nabeel/.m2/repository/org/seleniumhq/selenium/selenium-json/4.3.0/selenium-json-4.3.0.jar:/Users/Nabeel/.m2/repository/org/seleniumhq/selenium/selenium-devtools-v101/4.3.0/selenium-devtools-v101-4.3.0.jar:/Users/Nabeel/.m2/repository/org/seleniumhq/selenium/selenium-devtools-v102/4.3.0/selenium-devtools-v102-4.3.0.jar:/Users/Nabeel/.m2/repository/org/seleniumhq/selenium/selenium-devtools-v103/4.3.0/selenium-devtools-v103-4.3.0.jar:/Users/Nabeel/.m2/repository/org/seleniumhq/selenium/selenium-devtools-v85/4.3.0/selenium-devtools-v85-4.3.0.jar:/Users/Nabeel/.m2/repository/org/seleniumhq/selenium/selenium-edge-driver/4.3.0/selenium-edge-driver-4.3.0.jar:/Users/Nabeel/.m2/repository/org/seleniumhq/selenium/selenium-firefox-driver/4.3.0/selenium-firefox-driver-4.3.0.jar:/Users/Nabeel/.m2/repository/org/seleniumhq/selenium/selenium-ie-driver/4.3.0/selenium-ie-driver-4.3.0.jar:/Users/Nabeel/.m2/repository/org/seleniumhq/selenium/selenium-opera-driver/4.3.0/selenium-opera-driver-4.3.0.jar:/Users/Nabeel/.m2/repository/org/seleniumhq/selenium/selenium-remote-driver/4.3.0/selenium-remote-driver-4.3.0.jar:/Users/Nabeel/.m2/repository/io/netty/netty-buffer/4.1.78.Final/netty-buffer-4.1.78.Final.jar:/Users/Nabeel/.m2/repository/io/netty/netty-codec-http/4.1.78.Final/netty-codec-http-4.1.78.Final.jar:/Users/Nabeel/.m2/repository/io/netty/netty-codec/4.1.78.Final/netty-codec-4.1.78.Final.jar:/Users/Nabeel/.m2/repository/io/netty/netty-handler/4.1.78.Final/netty-handler-4.1.78.Final.jar:/Users/Nabeel/.m2/repository/io/netty/netty-common/4.1.78.Final/netty-common-4.1.78.Final.jar:/Users/Nabeel/.m2/repository/io/netty/netty-transport-classes-epoll/4.1.78.Final/netty-transport-classes-epoll-4.1.78.Final.jar:/Users/Nabeel/.m2/repository/io/netty/netty-transport-classes-kqueue/4.1.78.Final/netty-transport-classes-kqueue-4.1.78.Final.jar:/Users/Nabeel/.m2/repository/io/netty/netty-transport-native-epoll/4.1.78.Final/netty-transport-native-epoll-4.1.78.Final.jar:/Users/Nabeel/.m2/repository/io/netty/netty-transport-native-kqueue/4.1.78.Final/netty-transport-native-kqueue-4.1.78.Final.jar:/Users/Nabeel/.m2/repository/io/netty/netty-transport-native-unix-common/4.1.78.Final/netty-transport-native-unix-common-4.1.78.Final.jar:/Users/Nabeel/.m2/repository/io/netty/netty-transport/4.1.78.Final/netty-transport-4.1.78.Final.jar:/Users/Nabeel/.m2/repository/io/netty/netty-resolver/4.1.78.Final/netty-resolver-4.1.78.Final.jar:/Users/Nabeel/.m2/repository/io/opentelemetry/opentelemetry-api/1.15.0/opentelemetry-api-1.15.0.jar:/Users/Nabeel/.m2/repository/io/opentelemetry/opentelemetry-context/1.15.0/opentelemetry-context-1.15.0.jar:/Users/Nabeel/.m2/repository/io/opentelemetry/opentelemetry-exporter-logging/1.15.0/opentelemetry-exporter-logging-1.15.0.jar:/Users/Nabeel/.m2/repository/io/opentelemetry/opentelemetry-sdk-metrics/1.15.0/opentelemetry-sdk-metrics-1.15.0.jar:/Users/Nabeel/.m2/repository/io/opentelemetry/opentelemetry-sdk-logs/1.15.0-alpha/opentelemetry-sdk-logs-1.15.0-alpha.jar:/Users/Nabeel/.m2/repository/io/opentelemetry/opentelemetry-sdk-common/1.15.0/opentelemetry-sdk-common-1.15.0.jar:/Users/Nabeel/.m2/repository/io/opentelemetry/opentelemetry-sdk-extension-autoconfigure-spi/1.15.0/opentelemetry-sdk-extension-autoconfigure-spi-1.15.0.jar:/Users/Nabeel/.m2/repository/io/opentelemetry/opentelemetry-sdk-extension-autoconfigure/1.15.0-alpha/opentelemetry-sdk-extension-autoconfigure-1.15.0-alpha.jar:/Users/Nabeel/.m2/repository/io/opentelemetry/opentelemetry-sdk-trace/1.15.0/opentelemetry-sdk-trace-1.15.0.jar:/Users/Nabeel/.m2/repository/io/opentelemetry/opentelemetry-sdk/1.15.0/opentelemetry-sdk-1.15.0.jar:/Users/Nabeel/.m2/repository/io/opentelemetry/opentelemetry-semconv/1.15.0-alpha/opentelemetry-semconv-1.15.0-alpha.jar:/Users/Nabeel/.m2/repository/io/ous/jtoml/2.0.0/jtoml-2.0.0.jar:/Users/Nabeel/.m2/repository/net/bytebuddy/byte-buddy/1.12.10/byte-buddy-1.12.10.jar:/Users/Nabeel/.m2/repository/org/apache/commons/commons-exec/1.3/commons-exec-1.3.jar:/Users/Nabeel/.m2/repository/org/asynchttpclient/async-http-client/2.12.3/async-http-client-2.12.3.jar:/Users/Nabeel/.m2/repository/org/asynchttpclient/async-http-client-netty-utils/2.12.3/async-http-client-netty-utils-2.12.3.jar:/Users/Nabeel/.m2/repository/io/netty/netty-codec-socks/4.1.60.Final/netty-codec-socks-4.1.60.Final.jar:/Users/Nabeel/.m2/repository/io/netty/netty-handler-proxy/4.1.60.Final/netty-handler-proxy-4.1.60.Final.jar:/Users/Nabeel/.m2/repository/io/netty/netty-transport-native-epoll/4.1.60.Final/netty-transport-native-epoll-4.1.60.Final-linux-x86_64.jar:/Users/Nabeel/.m2/repository/io/netty/netty-transport-native-kqueue/4.1.60.Final/netty-transport-native-kqueue-4.1.60.Final-osx-x86_64.jar:/Users/Nabeel/.m2/repository/com/typesafe/netty/netty-reactive-streams/2.0.4/netty-reactive-streams-2.0.4.jar:/Users/Nabeel/.m2/repository/com/sun/activation/jakarta.activation/1.2.2/jakarta.activation-1.2.2.jar:/Users/Nabeel/.m2/repository/org/seleniumhq/selenium/selenium-http/4.3.0/selenium-http-4.3.0.jar:/Users/Nabeel/.m2/repository/dev/failsafe/failsafe/3.2.4/failsafe-3.2.4.jar:/Users/Nabeel/.m2/repository/org/seleniumhq/selenium/selenium-safari-driver/4.3.0/selenium-safari-driver-4.3.0.jar:/Users/Nabeel/.m2/repository/org/seleniumhq/selenium/selenium-support/4.3.0/selenium-support-4.3.0.jar:/Users/Nabeel/.m2/repository/org/testng/testng/7.6.1/testng-7.6.1.jar:/Users/Nabeel/.m2/repository/com/google/code/findbugs/jsr305/3.0.2/jsr305-3.0.2.jar:/Users/Nabeel/.m2/repository/org/slf4j/slf4j-api/1.7.36/slf4j-api-1.7.36.jar:/Users/Nabeel/.m2/repository/com/beust/jcommander/1.82/jcommander-1.82.jar:/Users/Nabeel/.m2/repository/org/webjars/jquery/3.6.0/jquery-3.6.0.jar:/Users/Nabeel/.m2/repository/org/projectlombok/lombok/1.18.20/lombok-1.18.20.jar:/Users/Nabeel/.m2/repository/org/apache/logging/log4j/log4j-api/2.18.0/log4j-api-2.18.0.jar:/Users/Nabeel/.m2/repository/org/apache/logging/log4j/log4j-core/2.18.0/log4j-core-2.18.0.jar:/Users/Nabeel/.m2/repository/commons-io/commons-io/2.11.0/commons-io-2.11.0.jar:/Users/Nabeel/.m2/repository/com/aventstack/extentreports/5.0.9/extentreports-5.0.9.jar:/Users/Nabeel/.m2/repository/io/reactivex/rxjava3/rxjava/3.0.4/rxjava-3.0.4.jar:/Users/Nabeel/.m2/repository/org/reactivestreams/reactive-streams/1.0.3/reactive-streams-1.0.3.jar:/Users/Nabeel/.m2/repository/org/freemarker/freemarker/2.3.30/freemarker-2.3.30.jar:/Users/Nabeel/.m2/repository/com/google/code/gson/gson/2.8.6/gson-2.8.6.jar:/Users/Nabeel/.m2/repository/junit/junit/4.11/junit-4.11.jar:/Users/Nabeel/.m2/repository/org/hamcrest/hamcrest-core/1.3/hamcrest-core-1.3.jar:"/>
    <property name="java.vm.vendor" value="Eclipse Adoptium"/>
    <property name="sun.arch.data.model" value="64"/>
    <property name="java.vendor.url" value="https://adoptium.net/"/>
    <property name="user.timezone" value="America/Los_Angeles"/>
    <property name="os.name" value="Mac OS X"/>
    <property name="java.vm.specification.version" value="17"/>
    <property name="sun.java.launcher" value="SUN_STANDARD"/>
    <property name="user.country" value="US"/>
    <property name="sun.boot.library.path" value="/Users/Nabeel/.p2/pool/plugins/org.eclipse.justj.openjdk.hotspot.jre.full.macosx.x86_64_17.0.1.v20211116-1657/jre/lib"/>
    <property name="sun.java.command" value="/Users/Nabeel/eclipse-workspace/E2EJuly2022/target/surefire/surefirebooter-20220801133030082_3.jar /Users/Nabeel/eclipse-workspace/E2EJuly2022/target/surefire 2022-08-01T13-30-29_345-jvmRun1 surefire-20220801133030082_1tmp surefire_0-20220801133030082_2tmp"/>
    <property name="http.nonProxyHosts" value="local|*.local|169.254/16|*.169.254/16"/>
    <property name="jdk.debug" value="release"/>
    <property name="surefire.test.class.path" value="/Users/Nabeel/eclipse-workspace/E2EJuly2022/target/test-classes:/Users/Nabeel/eclipse-workspace/E2EJuly2022/target/classes:/Users/Nabeel/.m2/repository/org/seleniumhq/selenium/selenium-java/4.3.0/selenium-java-4.3.0.jar:/Users/Nabeel/.m2/repository/org/seleniumhq/selenium/selenium-api/4.3.0/selenium-api-4.3.0.jar:/Users/Nabeel/.m2/repository/org/seleniumhq/selenium/selenium-chrome-driver/4.3.0/selenium-chrome-driver-4.3.0.jar:/Users/Nabeel/.m2/repository/com/google/auto/service/auto-service-annotations/1.0.1/auto-service-annotations-1.0.1.jar:/Users/Nabeel/.m2/repository/com/google/auto/service/auto-service/1.0.1/auto-service-1.0.1.jar:/Users/Nabeel/.m2/repository/com/google/auto/auto-common/1.2/auto-common-1.2.jar:/Users/Nabeel/.m2/repository/com/google/guava/guava/31.1-jre/guava-31.1-jre.jar:/Users/Nabeel/.m2/repository/com/google/guava/failureaccess/1.0.1/failureaccess-1.0.1.jar:/Users/Nabeel/.m2/repository/com/google/guava/listenablefuture/9999.0-empty-to-avoid-conflict-with-guava/listenablefuture-9999.0-empty-to-avoid-conflict-with-guava.jar:/Users/Nabeel/.m2/repository/org/checkerframework/checker-qual/3.12.0/checker-qual-3.12.0.jar:/Users/Nabeel/.m2/repository/com/google/errorprone/error_prone_annotations/2.11.0/error_prone_annotations-2.11.0.jar:/Users/Nabeel/.m2/repository/com/google/j2objc/j2objc-annotations/1.3/j2objc-annotations-1.3.jar:/Users/Nabeel/.m2/repository/org/seleniumhq/selenium/selenium-chromium-driver/4.3.0/selenium-chromium-driver-4.3.0.jar:/Users/Nabeel/.m2/repository/org/seleniumhq/selenium/selenium-json/4.3.0/selenium-json-4.3.0.jar:/Users/Nabeel/.m2/repository/org/seleniumhq/selenium/selenium-devtools-v101/4.3.0/selenium-devtools-v101-4.3.0.jar:/Users/Nabeel/.m2/repository/org/seleniumhq/selenium/selenium-devtools-v102/4.3.0/selenium-devtools-v102-4.3.0.jar:/Users/Nabeel/.m2/repository/org/seleniumhq/selenium/selenium-devtools-v103/4.3.0/selenium-devtools-v103-4.3.0.jar:/Users/Nabeel/.m2/repository/org/seleniumhq/selenium/selenium-devtools-v85/4.3.0/selenium-devtools-v85-4.3.0.jar:/Users/Nabeel/.m2/repository/org/seleniumhq/selenium/selenium-edge-driver/4.3.0/selenium-edge-driver-4.3.0.jar:/Users/Nabeel/.m2/repository/org/seleniumhq/selenium/selenium-firefox-driver/4.3.0/selenium-firefox-driver-4.3.0.jar:/Users/Nabeel/.m2/repository/org/seleniumhq/selenium/selenium-ie-driver/4.3.0/selenium-ie-driver-4.3.0.jar:/Users/Nabeel/.m2/repository/org/seleniumhq/selenium/selenium-opera-driver/4.3.0/selenium-opera-driver-4.3.0.jar:/Users/Nabeel/.m2/repository/org/seleniumhq/selenium/selenium-remote-driver/4.3.0/selenium-remote-driver-4.3.0.jar:/Users/Nabeel/.m2/repository/io/netty/netty-buffer/4.1.78.Final/netty-buffer-4.1.78.Final.jar:/Users/Nabeel/.m2/repository/io/netty/netty-codec-http/4.1.78.Final/netty-codec-http-4.1.78.Final.jar:/Users/Nabeel/.m2/repository/io/netty/netty-codec/4.1.78.Final/netty-codec-4.1.78.Final.jar:/Users/Nabeel/.m2/repository/io/netty/netty-handler/4.1.78.Final/netty-handler-4.1.78.Final.jar:/Users/Nabeel/.m2/repository/io/netty/netty-common/4.1.78.Final/netty-common-4.1.78.Final.jar:/Users/Nabeel/.m2/repository/io/netty/netty-transport-classes-epoll/4.1.78.Final/netty-transport-classes-epoll-4.1.78.Final.jar:/Users/Nabeel/.m2/repository/io/netty/netty-transport-classes-kqueue/4.1.78.Final/netty-transport-classes-kqueue-4.1.78.Final.jar:/Users/Nabeel/.m2/repository/io/netty/netty-transport-native-epoll/4.1.78.Final/netty-transport-native-epoll-4.1.78.Final.jar:/Users/Nabeel/.m2/repository/io/netty/netty-transport-native-kqueue/4.1.78.Final/netty-transport-native-kqueue-4.1.78.Final.jar:/Users/Nabeel/.m2/repository/io/netty/netty-transport-native-unix-common/4.1.78.Final/netty-transport-native-unix-common-4.1.78.Final.jar:/Users/Nabeel/.m2/repository/io/netty/netty-transport/4.1.78.Final/netty-transport-4.1.78.Final.jar:/Users/Nabeel/.m2/repository/io/netty/netty-resolver/4.1.78.Final/netty-resolver-4.1.78.Final.jar:/Users/Nabeel/.m2/repository/io/opentelemetry/opentelemetry-api/1.15.0/opentelemetry-api-1.15.0.jar:/Users/Nabeel/.m2/repository/io/opentelemetry/opentelemetry-context/1.15.0/opentelemetry-context-1.15.0.jar:/Users/Nabeel/.m2/repository/io/opentelemetry/opentelemetry-exporter-logging/1.15.0/opentelemetry-exporter-logging-1.15.0.jar:/Users/Nabeel/.m2/repository/io/opentelemetry/opentelemetry-sdk-metrics/1.15.0/opentelemetry-sdk-metrics-1.15.0.jar:/Users/Nabeel/.m2/repository/io/opentelemetry/opentelemetry-sdk-logs/1.15.0-alpha/opentelemetry-sdk-logs-1.15.0-alpha.jar:/Users/Nabeel/.m2/repository/io/opentelemetry/opentelemetry-sdk-common/1.15.0/opentelemetry-sdk-common-1.15.0.jar:/Users/Nabeel/.m2/repository/io/opentelemetry/opentelemetry-sdk-extension-autoconfigure-spi/1.15.0/opentelemetry-sdk-extension-autoconfigure-spi-1.15.0.jar:/Users/Nabeel/.m2/repository/io/opentelemetry/opentelemetry-sdk-extension-autoconfigure/1.15.0-alpha/opentelemetry-sdk-extension-autoconfigure-1.15.0-alpha.jar:/Users/Nabeel/.m2/repository/io/opentelemetry/opentelemetry-sdk-trace/1.15.0/opentelemetry-sdk-trace-1.15.0.jar:/Users/Nabeel/.m2/repository/io/opentelemetry/opentelemetry-sdk/1.15.0/opentelemetry-sdk-1.15.0.jar:/Users/Nabeel/.m2/repository/io/opentelemetry/opentelemetry-semconv/1.15.0-alpha/opentelemetry-semconv-1.15.0-alpha.jar:/Users/Nabeel/.m2/repository/io/ous/jtoml/2.0.0/jtoml-2.0.0.jar:/Users/Nabeel/.m2/repository/net/bytebuddy/byte-buddy/1.12.10/byte-buddy-1.12.10.jar:/Users/Nabeel/.m2/repository/org/apache/commons/commons-exec/1.3/commons-exec-1.3.jar:/Users/Nabeel/.m2/repository/org/asynchttpclient/async-http-client/2.12.3/async-http-client-2.12.3.jar:/Users/Nabeel/.m2/repository/org/asynchttpclient/async-http-client-netty-utils/2.12.3/async-http-client-netty-utils-2.12.3.jar:/Users/Nabeel/.m2/repository/io/netty/netty-codec-socks/4.1.60.Final/netty-codec-socks-4.1.60.Final.jar:/Users/Nabeel/.m2/repository/io/netty/netty-handler-proxy/4.1.60.Final/netty-handler-proxy-4.1.60.Final.jar:/Users/Nabeel/.m2/repository/io/netty/netty-transport-native-epoll/4.1.60.Final/netty-transport-native-epoll-4.1.60.Final-linux-x86_64.jar:/Users/Nabeel/.m2/repository/io/netty/netty-transport-native-kqueue/4.1.60.Final/netty-transport-native-kqueue-4.1.60.Final-osx-x86_64.jar:/Users/Nabeel/.m2/repository/com/typesafe/netty/netty-reactive-streams/2.0.4/netty-reactive-streams-2.0.4.jar:/Users/Nabeel/.m2/repository/com/sun/activation/jakarta.activation/1.2.2/jakarta.activation-1.2.2.jar:/Users/Nabeel/.m2/repository/org/seleniumhq/selenium/selenium-http/4.3.0/selenium-http-4.3.0.jar:/Users/Nabeel/.m2/repository/dev/failsafe/failsafe/3.2.4/failsafe-3.2.4.jar:/Users/Nabeel/.m2/repository/org/seleniumhq/selenium/selenium-safari-driver/4.3.0/selenium-safari-driver-4.3.0.jar:/Users/Nabeel/.m2/repository/org/seleniumhq/selenium/selenium-support/4.3.0/selenium-support-4.3.0.jar:/Users/Nabeel/.m2/repository/org/testng/testng/7.6.1/testng-7.6.1.jar:/Users/Nabeel/.m2/repository/com/google/code/findbugs/jsr305/3.0.2/jsr305-3.0.2.jar:/Users/Nabeel/.m2/repository/org/slf4j/slf4j-api/1.7.36/slf4j-api-1.7.36.jar:/Users/Nabeel/.m2/repository/com/beust/jcommander/1.82/jcommander-1.82.jar:/Users/Nabeel/.m2/repository/org/webjars/jquery/3.6.0/jquery-3.6.0.jar:/Users/Nabeel/.m2/repository/org/projectlombok/lombok/1.18.20/lombok-1.18.20.jar:/Users/Nabeel/.m2/repository/org/apache/logging/log4j/log4j-api/2.18.0/log4j-api-2.18.0.jar:/Users/Nabeel/.m2/repository/org/apache/logging/log4j/log4j-core/2.18.0/log4j-core-2.18.0.jar:/Users/Nabeel/.m2/repository/commons-io/commons-io/2.11.0/commons-io-2.11.0.jar:/Users/Nabeel/.m2/repository/com/aventstack/extentreports/5.0.9/extentreports-5.0.9.jar:/Users/Nabeel/.m2/repository/io/reactivex/rxjava3/rxjava/3.0.4/rxjava-3.0.4.jar:/Users/Nabeel/.m2/repository/org/reactivestreams/reactive-streams/1.0.3/reactive-streams-1.0.3.jar:/Users/Nabeel/.m2/repository/org/freemarker/freemarker/2.3.30/freemarker-2.3.30.jar:/Users/Nabeel/.m2/repository/com/google/code/gson/gson/2.8.6/gson-2.8.6.jar:/Users/Nabeel/.m2/repository/junit/junit/4.11/junit-4.11.jar:/Users/Nabeel/.m2/repository/org/hamcrest/hamcrest-core/1.3/hamcrest-core-1.3.jar:"/>
    <property name="sun.cpu.endian" value="little"/>
    <property name="user.home" value="/Users/Nabeel"/>
    <property name="user.language" value="en"/>
    <property name="java.specification.vendor" value="Oracle Corporation"/>
    <property name="java.version.date" value="2021-10-19"/>
    <property name="java.home" value="/Users/Nabeel/.p2/pool/plugins/org.eclipse.justj.openjdk.hotspot.jre.full.macosx.x86_64_17.0.1.v20211116-1657/jre"/>
    <property name="file.separator" value="/"/>
    <property name="basedir" value="/Users/Nabeel/eclipse-workspace/E2EJuly2022"/>
    <property name="java.vm.compressedOopsMode" value="Zero based"/>
    <property name="line.separator" value="&#10;"/>
    <property name="java.vm.specification.vendor" value="Oracle Corporation"/>
    <property name="java.specification.name" value="Java Platform API Specification"/>
    <property name="surefire.real.class.path" value="/Users/Nabeel/eclipse-workspace/E2EJuly2022/target/surefire/surefirebooter-20220801133030082_3.jar"/>
    <property name="sun.management.compiler" value="HotSpot 64-Bit Tiered Compilers"/>
    <property name="ftp.nonProxyHosts" value="local|*.local|169.254/16|*.169.254/16"/>
    <property name="java.runtime.version" value="17.0.1+12"/>
    <property name="user.name" value="Nabeel"/>
    <property name="path.separator" value=":"/>
    <property name="os.version" value="11.3"/>
    <property name="java.runtime.name" value="OpenJDK Runtime Environment"/>
    <property name="file.encoding" value="UTF-8"/>
    <property name="java.vm.name" value="OpenJDK 64-Bit Server VM"/>
    <property name="java.vendor.version" value="Temurin-17.0.1+12"/>
    <property name="localRepository" value="/Users/Nabeel/.m2/repository"/>
    <property name="java.vendor.url.bug" value="https://github.com/adoptium/adoptium-support/issues"/>
    <property name="java.io.tmpdir" value="/var/folders/0q/v1_ylhjs4qg5xnc0z3msg6_00000gn/T/"/>
    <property name="java.version" value="17.0.1"/>
    <property name="user.dir" value="/Users/Nabeel/eclipse-workspace/E2EJuly2022"/>
    <property name="os.arch" value="x86_64"/>
    <property name="java.vm.specification.name" value="Java Virtual Machine Specification"/>
    <property name="native.encoding" value="UTF-8"/>
    <property name="java.library.path" value="/Users/Nabeel/Library/Java/Extensions:/Library/Java/Extensions:/Network/Library/Java/Extensions:/System/Library/Java/Extensions:/usr/lib/java:."/>
    <property name="java.vm.info" value="mixed mode"/>
    <property name="java.vendor" value="Eclipse Adoptium"/>
    <property name="java.vm.version" value="17.0.1+12"/>
    <property name="sun.io.unicode.encoding" value="UnicodeBig"/>
    <property name="socksNonProxyHosts" value="local|*.local|169.254/16|*.169.254/16"/>
    <property name="java.class.version" value="61.0"/>
  </properties>
  <testcase name="setUp" classname="com.andoorathodi.E2EJuly2022.RediffMainPage" time="1.577">
    <failure message="Cannot invoke &quot;String.contains(java.lang.CharSequence)&quot; because &quot;browser&quot; is null" type="java.lang.NullPointerException"><![CDATA[java.lang.NullPointerException: Cannot invoke "String.contains(java.lang.CharSequence)" because "browser" is null
	at resources.base.initalizeDriver(base.java:32)
	at com.andoorathodi.E2EJuly2022.RediffMainPage.setUp(RediffMainPage.java:22)
	at java.base/jdk.internal.reflect.NativeMethodAccessorImpl.invoke0(Native Method)
	at java.base/jdk.internal.reflect.NativeMethodAccessorImpl.invoke(NativeMethodAccessorImpl.java:77)
	at java.base/jdk.internal.reflect.DelegatingMethodAccessorImpl.invoke(DelegatingMethodAccessorImpl.java:43)
	at java.base/java.lang.reflect.Method.invoke(Method.java:568)
	at org.testng.internal.invokers.MethodInvocationHelper.invokeMethod(MethodInvocationHelper.java:139)
	at org.testng.internal.invokers.MethodInvocationHelper.invokeMethodConsideringTimeout(MethodInvocationHelper.java:69)
	at org.testng.internal.invokers.ConfigInvoker.invokeConfigurationMethod(ConfigInvoker.java:361)
	at org.testng.internal.invokers.ConfigInvoker.invokeConfigurations(ConfigInvoker.java:296)
	at org.testng.TestRunner.invokeTestConfigurations(TestRunner.java:643)
	at org.testng.TestRunner.beforeRun(TestRunner.java:632)
	at org.testng.TestRunner.run(TestRunner.java:594)
	at org.testng.SuiteRunner.runTest(SuiteRunner.java:433)
	at org.testng.SuiteRunner.runSequentially(SuiteRunner.java:427)
	at org.testng.SuiteRunner.privateRun(SuiteRunner.java:387)
	at org.testng.SuiteRunner.run(SuiteRunner.java:330)
	at org.testng.SuiteRunnerWorker.runSuite(SuiteRunnerWorker.java:52)
	at org.testng.SuiteRunnerWorker.run(SuiteRunnerWorker.java:95)
	at org.testng.TestNG.runSuitesSequentially(TestNG.java:1256)
	at org.testng.TestNG.runSuitesLocally(TestNG.java:1176)
	at org.testng.TestNG.runSuites(TestNG.java:1099)
	at org.testng.TestNG.run(TestNG.java:1067)
	at org.apache.maven.surefire.testng.TestNGExecutor.run(TestNGExecutor.java:324)
	at org.apache.maven.surefire.testng.TestNGXmlTestSuite.execute(TestNGXmlTestSuite.java:74)
	at org.apache.maven.surefire.testng.TestNGProvider.invoke(TestNGProvider.java:123)
	at org.apache.maven.surefire.booter.ForkedBooter.runSuitesInProcess(ForkedBooter.java:456)
	at org.apache.maven.surefire.booter.ForkedBooter.execute(ForkedBooter.java:169)
	at org.apache.maven.surefire.booter.ForkedBooter.run(ForkedBooter.java:595)
	at org.apache.maven.surefire.booter.ForkedBooter.main(ForkedBooter.java:581)
]]></failure>
    <system-err><![CDATA[SLF4J: Failed to load class "org.slf4j.impl.StaticLoggerBinder".
SLF4J: Defaulting to no-operation (NOP) logger implementation
SLF4J: See http://www.slf4j.org/codes.html#StaticLoggerBinder for further details.
]]></system-err>
  </testcase>
  <testcase name="negativeTest" classname="com.andoorathodi.E2EJuly2022.RediffMainPage" time="0">
    <skipped message="Cannot invoke &quot;String.contains(java.lang.CharSequence)&quot; because &quot;browser&quot; is null"/>
  </testcase>
  <testcase name="start[nabeel, afd](1)" classname="com.andoorathodi.E2EJuly2022.RediffMainPage" time="0">
    <skipped message="Cannot invoke &quot;String.contains(java.lang.CharSequence)&quot; because &quot;browser&quot; is null"/>
  </testcase>
  <testcase name="start[shibil, jkll](2)" classname="com.andoorathodi.E2EJuly2022.RediffMainPage" time="0">
    <skipped message="Cannot invoke &quot;String.contains(java.lang.CharSequence)&quot; because &quot;browser&quot; is null"/>
  </testcase>
  <testcase name="tearDown" classname="com.andoorathodi.E2EJuly2022.RediffMainPage" time="0">
    <skipped/>
  </testcase>
</testsuite>