<?xml version="1.0" encoding="UTF-8"?>
<testsuite xmlns:xsi="http://www.w3.org/2001/XMLSchema-instance" xsi:noNamespaceSchemaLocation="https://maven.apache.org/surefire/maven-surefire-plugin/xsd/surefire-test-report-3.0.xsd" version="3.0" name="TestSuite" time="38.866" tests="3" errors="0" skipped="0" failures="1">
  <properties>
    <property name="java.specification.version" value="16"/>
    <property name="webdriver.chrome.driver" value="/Users/Nabeel/eclipse-workspace/E2EJuly2022/src/main/java/resources/chromedriver"/>
    <property name="sun.jnu.encoding" value="UTF-8"/>
    <property name="java.class.path" value="/Users/Nabeel/eclipse-workspace/E2EJuly2022/target/test-classes:/Users/Nabeel/eclipse-workspace/E2EJuly2022/target/classes:/Users/Nabeel/.m2/repository/org/seleniumhq/selenium/selenium-java/4.3.0/selenium-java-4.3.0.jar:/Users/Nabeel/.m2/repository/org/seleniumhq/selenium/selenium-api/4.3.0/selenium-api-4.3.0.jar:/Users/Nabeel/.m2/repository/org/seleniumhq/selenium/selenium-chrome-driver/4.3.0/selenium-chrome-driver-4.3.0.jar:/Users/Nabeel/.m2/repository/com/google/auto/service/auto-service-annotations/1.0.1/auto-service-annotations-1.0.1.jar:/Users/Nabeel/.m2/repository/com/google/auto/service/auto-service/1.0.1/auto-service-1.0.1.jar:/Users/Nabeel/.m2/repository/com/google/auto/auto-common/1.2/auto-common-1.2.jar:/Users/Nabeel/.m2/repository/com/google/guava/guava/31.1-jre/guava-31.1-jre.jar:/Users/Nabeel/.m2/repository/com/google/guava/failureaccess/1.0.1/failureaccess-1.0.1.jar:/Users/Nabeel/.m2/repository/com/google/guava/listenablefuture/9999.0-empty-to-avoid-conflict-with-guava/listenablefuture-9999.0-empty-to-avoid-conflict-with-guava.jar:/Users/Nabeel/.m2/repository/org/checkerframework/checker-qual/3.12.0/checker-qual-3.12.0.jar:/Users/Nabeel/.m2/repository/com/google/errorprone/error_prone_annotations/2.11.0/error_prone_annotations-2.11.0.jar:/Users/Nabeel/.m2/repository/com/google/j2objc/j2objc-annotations/1.3/j2objc-annotations-1.3.jar:/Users/Nabeel/.m2/repository/org/seleniumhq/selenium/selenium-chromium-driver/4.3.0/selenium-chromium-driver-4.3.0.jar:/Users/Nabeel/.m2/repository/org/seleniumhq/selenium/selenium-json/4.3.0/selenium-json-4.3.0.jar:/Users/Nabeel/.m2/repository/org/seleniumhq/selenium/selenium-devtools-v101/4.3.0/selenium-devtools-v101-4.3.0.jar:/Users/Nabeel/.m2/repository/org/seleniumhq/selenium/selenium-devtools-v102/4.3.0/selenium-devtools-v102-4.3.0.jar:/Users/Nabeel/.m2/repository/org/seleniumhq/selenium/selenium-devtools-v103/4.3.0/selenium-devtools-v103-4.3.0.jar:/Users/Nabeel/.m2/repository/org/seleniumhq/selenium/selenium-devtools-v85/4.3.0/selenium-devtools-v85-4.3.0.jar:/Users/Nabeel/.m2/repository/org/seleniumhq/selenium/selenium-edge-driver/4.3.0/selenium-edge-driver-4.3.0.jar:/Users/Nabeel/.m2/repository/org/seleniumhq/selenium/selenium-firefox-driver/4.3.0/selenium-firefox-driver-4.3.0.jar:/Users/Nabeel/.m2/repository/org/seleniumhq/selenium/selenium-ie-driver/4.3.0/selenium-ie-driver-4.3.0.jar:/Users/Nabeel/.m2/repository/org/seleniumhq/selenium/selenium-opera-driver/4.3.0/selenium-opera-driver-4.3.0.jar:/Users/Nabeel/.m2/repository/org/seleniumhq/selenium/selenium-remote-driver/4.3.0/selenium-remote-driver-4.3.0.jar:/Users/Nabeel/.m2/repository/io/netty/netty-buffer/4.1.78.Final/netty-buffer-4.1.78.Final.jar:/Users/Nabeel/.m2/repository/io/netty/netty-codec-http/4.1.78.Final/netty-codec-http-4.1.78.Final.jar:/Users/Nabeel/.m2/repository/io/netty/netty-codec/4.1.78.Final/netty-codec-4.1.78.Final.jar:/Users/Nabeel/.m2/repository/io/netty/netty-handler/4.1.78.Final/netty-handler-4.1.78.Final.jar:/Users/Nabeel/.m2/repository/io/netty/netty-common/4.1.78.Final/netty-common-4.1.78.Final.jar:/Users/Nabeel/.m2/repository/io/netty/netty-transport-classes-epoll/4.1.78.Final/netty-transport-classes-epoll-4.1.78.Final.jar:/Users/Nabeel/.m2/repository/io/netty/netty-transport-classes-kqueue/4.1.78.Final/netty-transport-classes-kqueue-4.1.78.Final.jar:/Users/Nabeel/.m2/repository/io/netty/netty-transport-native-epoll/4.1.78.Final/netty-transport-native-epoll-4.1.78.Final.jar:/Users/Nabeel/.m2/repository/io/netty/netty-transport-native-kqueue/4.1.78.Final/netty-transport-native-kqueue-4.1.78.Final.jar:/Users/Nabeel/.m2/repository/io/netty/netty-transport-native-unix-common/4.1.78.Final/netty-transport-native-unix-common-4.1.78.Final.jar:/Users/Nabeel/.m2/repository/io/netty/netty-transport/4.1.78.Final/netty-transport-4.1.78.Final.jar:/Users/Nabeel/.m2/repository/io/netty/netty-resolver/4.1.78.Final/netty-resolver-4.1.78.Final.jar:/Users/Nabeel/.m2/repository/io/opentelemetry/opentelemetry-api/1.15.0/opentelemetry-api-1.15.0.jar:/Users/Nabeel/.m2/repository/io/opentelemetry/opentelemetry-context/1.15.0/opentelemetry-context-1.15.0.jar:/Users/Nabeel/.m2/repository/io/opentelemetry/opentelemetry-exporter-logging/1.15.0/opentelemetry-exporter-logging-1.15.0.jar:/Users/Nabeel/.m2/repository/io/opentelemetry/opentelemetry-sdk-metrics/1.15.0/opentelemetry-sdk-metrics-1.15.0.jar:/Users/Nabeel/.m2/repository/io/opentelemetry/opentelemetry-sdk-logs/1.15.0-alpha/opentelemetry-sdk-logs-1.15.0-alpha.jar:/Users/Nabeel/.m2/repository/io/opentelemetry/opentelemetry-sdk-common/1.15.0/opentelemetry-sdk-common-1.15.0.jar:/Users/Nabeel/.m2/repository/io/opentelemetry/opentelemetry-sdk-extension-autoconfigure-spi/1.15.0/opentelemetry-sdk-extension-autoconfigure-spi-1.15.0.jar:/Users/Nabeel/.m2/repository/io/opentelemetry/opentelemetry-sdk-extension-autoconfigure/1.15.0-alpha/opentelemetry-sdk-extension-autoconfigure-1.15.0-alpha.jar:/Users/Nabeel/.m2/repository/io/opentelemetry/opentelemetry-sdk-trace/1.15.0/opentelemetry-sdk-trace-1.15.0.jar:/Users/Nabeel/.m2/repository/io/opentelemetry/opentelemetry-sdk/1.15.0/opentelemetry-sdk-1.15.0.jar:/Users/Nabeel/.m2/repository/io/opentelemetry/opentelemetry-semconv/1.15.0-alpha/opentelemetry-semconv-1.15.0-alpha.jar:/Users/Nabeel/.m2/repository/io/ous/jtoml/2.0.0/jtoml-2.0.0.jar:/Users/Nabeel/.m2/repository/net/bytebuddy/byte-buddy/1.12.10/byte-buddy-1.12.10.jar:/Users/Nabeel/.m2/repository/org/apache/commons/commons-exec/1.3/commons-exec-1.3.jar:/Users/Nabeel/.m2/repository/org/asynchttpclient/async-http-client/2.12.3/async-http-client-2.12.3.jar:/Users/Nabeel/.m2/repository/org/asynchttpclient/async-http-client-netty-utils/2.12.3/async-http-client-netty-utils-2.12.3.jar:/Users/Nabeel/.m2/repository/io/netty/netty-codec-socks/4.1.60.Final/netty-codec-socks-4.1.60.Final.jar:/Users/Nabeel/.m2/repository/io/netty/netty-handler-proxy/4.1.60.Final/netty-handler-proxy-4.1.60.Final.jar:/Users/Nabeel/.m2/repository/io/netty/netty-transport-native-epoll/4.1.60.Final/netty-transport-native-epoll-4.1.60.Final-linux-x86_64.jar:/Users/Nabeel/.m2/repository/io/netty/netty-transport-native-kqueue/4.1.60.Final/netty-transport-native-kqueue-4.1.60.Final-osx-x86_64.jar:/Users/Nabeel/.m2/repository/com/typesafe/netty/netty-reactive-streams/2.0.4/netty-reactive-streams-2.0.4.jar:/Users/Nabeel/.m2/repository/com/sun/activation/jakarta.activation/1.2.2/jakarta.activation-1.2.2.jar:/Users/Nabeel/.m2/repository/org/seleniumhq/selenium/selenium-http/4.3.0/selenium-http-4.3.0.jar:/Users/Nabeel/.m2/repository/dev/failsafe/failsafe/3.2.4/failsafe-3.2.4.jar:/Users/Nabeel/.m2/repository/org/seleniumhq/selenium/selenium-safari-driver/4.3.0/selenium-safari-driver-4.3.0.jar:/Users/Nabeel/.m2/repository/org/seleniumhq/selenium/selenium-support/4.3.0/selenium-support-4.3.0.jar:/Users/Nabeel/.m2/repository/org/testng/testng/7.6.1/testng-7.6.1.jar:/Users/Nabeel/.m2/repository/com/google/code/findbugs/jsr305/3.0.2/jsr305-3.0.2.jar:/Users/Nabeel/.m2/repository/org/slf4j/slf4j-api/1.7.36/slf4j-api-1.7.36.jar:/Users/Nabeel/.m2/repository/com/beust/jcommander/1.82/jcommander-1.82.jar:/Users/Nabeel/.m2/repository/org/webjars/jquery/3.6.0/jquery-3.6.0.jar:/Users/Nabeel/.m2/repository/org/projectlombok/lombok/1.18.20/lombok-1.18.20.jar:/Users/Nabeel/.m2/repository/org/apache/logging/log4j/log4j-api/2.18.0/log4j-api-2.18.0.jar:/Users/Nabeel/.m2/repository/org/apache/logging/log4j/log4j-core/2.18.0/log4j-core-2.18.0.jar:/Users/Nabeel/.m2/repository/commons-io/commons-io/2.11.0/commons-io-2.11.0.jar:/Users/Nabeel/.m2/repository/com/aventstack/extentreports/5.0.9/extentreports-5.0.9.jar:/Users/Nabeel/.m2/repository/io/reactivex/rxjava3/rxjava/3.0.4/rxjava-3.0.4.jar:/Users/Nabeel/.m2/repository/org/reactivestreams/reactive-streams/1.0.3/reactive-streams-1.0.3.jar:/Users/Nabeel/.m2/repository/org/freemarker/freemarker/2.3.30/freemarker-2.3.30.jar:/Users/Nabeel/.m2/repository/com/google/code/gson/gson/2.8.6/gson-2.8.6.jar:/Users/Nabeel/.m2/repository/junit/junit/4.11/junit-4.11.jar:/Users/Nabeel/.m2/repository/org/hamcrest/hamcrest-core/1.3/hamcrest-core-1.3.jar:"/>
    <property name="java.vm.vendor" value="Oracle Corporation"/>
    <property name="sun.arch.data.model" value="64"/>
    <property name="java.vendor.url" value="https://java.oracle.com/"/>
    <property name="user.timezone" value="America/Los_Angeles"/>
    <property name="os.name" value="Mac OS X"/>
    <property name="java.vm.specification.version" value="16"/>
    <property name="sun.java.launcher" value="SUN_STANDARD"/>
    <property name="user.country" value="US"/>
    <property name="sun.boot.library.path" value="/Library/Java/JavaVirtualMachines/jdk-16.0.2.jdk/Contents/Home/lib"/>
    <property name="sun.java.command" value="/Users/Nabeel/eclipse-workspace/E2EJuly2022/target/surefire/surefirebooter-20220728121527253_3.jar /Users/Nabeel/eclipse-workspace/E2EJuly2022/target/surefire 2022-07-28T12-15-26_725-jvmRun1 surefire-20220728121527253_1tmp surefire_0-20220728121527253_2tmp"/>
    <property name="http.nonProxyHosts" value="local|*.local|169.254/16|*.169.254/16"/>
    <property name="jdk.debug" value="release"/>
    <property name="surefire.test.class.path" value="/Users/Nabeel/eclipse-workspace/E2EJuly2022/target/test-classes:/Users/Nabeel/eclipse-workspace/E2EJuly2022/target/classes:/Users/Nabeel/.m2/repository/org/seleniumhq/selenium/selenium-java/4.3.0/selenium-java-4.3.0.jar:/Users/Nabeel/.m2/repository/org/seleniumhq/selenium/selenium-api/4.3.0/selenium-api-4.3.0.jar:/Users/Nabeel/.m2/repository/org/seleniumhq/selenium/selenium-chrome-driver/4.3.0/selenium-chrome-driver-4.3.0.jar:/Users/Nabeel/.m2/repository/com/google/auto/service/auto-service-annotations/1.0.1/auto-service-annotations-1.0.1.jar:/Users/Nabeel/.m2/repository/com/google/auto/service/auto-service/1.0.1/auto-service-1.0.1.jar:/Users/Nabeel/.m2/repository/com/google/auto/auto-common/1.2/auto-common-1.2.jar:/Users/Nabeel/.m2/repository/com/google/guava/guava/31.1-jre/guava-31.1-jre.jar:/Users/Nabeel/.m2/repository/com/google/guava/failureaccess/1.0.1/failureaccess-1.0.1.jar:/Users/Nabeel/.m2/repository/com/google/guava/listenablefuture/9999.0-empty-to-avoid-conflict-with-guava/listenablefuture-9999.0-empty-to-avoid-conflict-with-guava.jar:/Users/Nabeel/.m2/repository/org/checkerframework/checker-qual/3.12.0/checker-qual-3.12.0.jar:/Users/Nabeel/.m2/repository/com/google/errorprone/error_prone_annotations/2.11.0/error_prone_annotations-2.11.0.jar:/Users/Nabeel/.m2/repository/com/google/j2objc/j2objc-annotations/1.3/j2objc-annotations-1.3.jar:/Users/Nabeel/.m2/repository/org/seleniumhq/selenium/selenium-chromium-driver/4.3.0/selenium-chromium-driver-4.3.0.jar:/Users/Nabeel/.m2/repository/org/seleniumhq/selenium/selenium-json/4.3.0/selenium-json-4.3.0.jar:/Users/Nabeel/.m2/repository/org/seleniumhq/selenium/selenium-devtools-v101/4.3.0/selenium-devtools-v101-4.3.0.jar:/Users/Nabeel/.m2/repository/org/seleniumhq/selenium/selenium-devtools-v102/4.3.0/selenium-devtools-v102-4.3.0.jar:/Users/Nabeel/.m2/repository/org/seleniumhq/selenium/selenium-devtools-v103/4.3.0/selenium-devtools-v103-4.3.0.jar:/Users/Nabeel/.m2/repository/org/seleniumhq/selenium/selenium-devtools-v85/4.3.0/selenium-devtools-v85-4.3.0.jar:/Users/Nabeel/.m2/repository/org/seleniumhq/selenium/selenium-edge-driver/4.3.0/selenium-edge-driver-4.3.0.jar:/Users/Nabeel/.m2/repository/org/seleniumhq/selenium/selenium-firefox-driver/4.3.0/selenium-firefox-driver-4.3.0.jar:/Users/Nabeel/.m2/repository/org/seleniumhq/selenium/selenium-ie-driver/4.3.0/selenium-ie-driver-4.3.0.jar:/Users/Nabeel/.m2/repository/org/seleniumhq/selenium/selenium-opera-driver/4.3.0/selenium-opera-driver-4.3.0.jar:/Users/Nabeel/.m2/repository/org/seleniumhq/selenium/selenium-remote-driver/4.3.0/selenium-remote-driver-4.3.0.jar:/Users/Nabeel/.m2/repository/io/netty/netty-buffer/4.1.78.Final/netty-buffer-4.1.78.Final.jar:/Users/Nabeel/.m2/repository/io/netty/netty-codec-http/4.1.78.Final/netty-codec-http-4.1.78.Final.jar:/Users/Nabeel/.m2/repository/io/netty/netty-codec/4.1.78.Final/netty-codec-4.1.78.Final.jar:/Users/Nabeel/.m2/repository/io/netty/netty-handler/4.1.78.Final/netty-handler-4.1.78.Final.jar:/Users/Nabeel/.m2/repository/io/netty/netty-common/4.1.78.Final/netty-common-4.1.78.Final.jar:/Users/Nabeel/.m2/repository/io/netty/netty-transport-classes-epoll/4.1.78.Final/netty-transport-classes-epoll-4.1.78.Final.jar:/Users/Nabeel/.m2/repository/io/netty/netty-transport-classes-kqueue/4.1.78.Final/netty-transport-classes-kqueue-4.1.78.Final.jar:/Users/Nabeel/.m2/repository/io/netty/netty-transport-native-epoll/4.1.78.Final/netty-transport-native-epoll-4.1.78.Final.jar:/Users/Nabeel/.m2/repository/io/netty/netty-transport-native-kqueue/4.1.78.Final/netty-transport-native-kqueue-4.1.78.Final.jar:/Users/Nabeel/.m2/repository/io/netty/netty-transport-native-unix-common/4.1.78.Final/netty-transport-native-unix-common-4.1.78.Final.jar:/Users/Nabeel/.m2/repository/io/netty/netty-transport/4.1.78.Final/netty-transport-4.1.78.Final.jar:/Users/Nabeel/.m2/repository/io/netty/netty-resolver/4.1.78.Final/netty-resolver-4.1.78.Final.jar:/Users/Nabeel/.m2/repository/io/opentelemetry/opentelemetry-api/1.15.0/opentelemetry-api-1.15.0.jar:/Users/Nabeel/.m2/repository/io/opentelemetry/opentelemetry-context/1.15.0/opentelemetry-context-1.15.0.jar:/Users/Nabeel/.m2/repository/io/opentelemetry/opentelemetry-exporter-logging/1.15.0/opentelemetry-exporter-logging-1.15.0.jar:/Users/Nabeel/.m2/repository/io/opentelemetry/opentelemetry-sdk-metrics/1.15.0/opentelemetry-sdk-metrics-1.15.0.jar:/Users/Nabeel/.m2/repository/io/opentelemetry/opentelemetry-sdk-logs/1.15.0-alpha/opentelemetry-sdk-logs-1.15.0-alpha.jar:/Users/Nabeel/.m2/repository/io/opentelemetry/opentelemetry-sdk-common/1.15.0/opentelemetry-sdk-common-1.15.0.jar:/Users/Nabeel/.m2/repository/io/opentelemetry/opentelemetry-sdk-extension-autoconfigure-spi/1.15.0/opentelemetry-sdk-extension-autoconfigure-spi-1.15.0.jar:/Users/Nabeel/.m2/repository/io/opentelemetry/opentelemetry-sdk-extension-autoconfigure/1.15.0-alpha/opentelemetry-sdk-extension-autoconfigure-1.15.0-alpha.jar:/Users/Nabeel/.m2/repository/io/opentelemetry/opentelemetry-sdk-trace/1.15.0/opentelemetry-sdk-trace-1.15.0.jar:/Users/Nabeel/.m2/repository/io/opentelemetry/opentelemetry-sdk/1.15.0/opentelemetry-sdk-1.15.0.jar:/Users/Nabeel/.m2/repository/io/opentelemetry/opentelemetry-semconv/1.15.0-alpha/opentelemetry-semconv-1.15.0-alpha.jar:/Users/Nabeel/.m2/repository/io/ous/jtoml/2.0.0/jtoml-2.0.0.jar:/Users/Nabeel/.m2/repository/net/bytebuddy/byte-buddy/1.12.10/byte-buddy-1.12.10.jar:/Users/Nabeel/.m2/repository/org/apache/commons/commons-exec/1.3/commons-exec-1.3.jar:/Users/Nabeel/.m2/repository/org/asynchttpclient/async-http-client/2.12.3/async-http-client-2.12.3.jar:/Users/Nabeel/.m2/repository/org/asynchttpclient/async-http-client-netty-utils/2.12.3/async-http-client-netty-utils-2.12.3.jar:/Users/Nabeel/.m2/repository/io/netty/netty-codec-socks/4.1.60.Final/netty-codec-socks-4.1.60.Final.jar:/Users/Nabeel/.m2/repository/io/netty/netty-handler-proxy/4.1.60.Final/netty-handler-proxy-4.1.60.Final.jar:/Users/Nabeel/.m2/repository/io/netty/netty-transport-native-epoll/4.1.60.Final/netty-transport-native-epoll-4.1.60.Final-linux-x86_64.jar:/Users/Nabeel/.m2/repository/io/netty/netty-transport-native-kqueue/4.1.60.Final/netty-transport-native-kqueue-4.1.60.Final-osx-x86_64.jar:/Users/Nabeel/.m2/repository/com/typesafe/netty/netty-reactive-streams/2.0.4/netty-reactive-streams-2.0.4.jar:/Users/Nabeel/.m2/repository/com/sun/activation/jakarta.activation/1.2.2/jakarta.activation-1.2.2.jar:/Users/Nabeel/.m2/repository/org/seleniumhq/selenium/selenium-http/4.3.0/selenium-http-4.3.0.jar:/Users/Nabeel/.m2/repository/dev/failsafe/failsafe/3.2.4/failsafe-3.2.4.jar:/Users/Nabeel/.m2/repository/org/seleniumhq/selenium/selenium-safari-driver/4.3.0/selenium-safari-driver-4.3.0.jar:/Users/Nabeel/.m2/repository/org/seleniumhq/selenium/selenium-support/4.3.0/selenium-support-4.3.0.jar:/Users/Nabeel/.m2/repository/org/testng/testng/7.6.1/testng-7.6.1.jar:/Users/Nabeel/.m2/repository/com/google/code/findbugs/jsr305/3.0.2/jsr305-3.0.2.jar:/Users/Nabeel/.m2/repository/org/slf4j/slf4j-api/1.7.36/slf4j-api-1.7.36.jar:/Users/Nabeel/.m2/repository/com/beust/jcommander/1.82/jcommander-1.82.jar:/Users/Nabeel/.m2/repository/org/webjars/jquery/3.6.0/jquery-3.6.0.jar:/Users/Nabeel/.m2/repository/org/projectlombok/lombok/1.18.20/lombok-1.18.20.jar:/Users/Nabeel/.m2/repository/org/apache/logging/log4j/log4j-api/2.18.0/log4j-api-2.18.0.jar:/Users/Nabeel/.m2/repository/org/apache/logging/log4j/log4j-core/2.18.0/log4j-core-2.18.0.jar:/Users/Nabeel/.m2/repository/commons-io/commons-io/2.11.0/commons-io-2.11.0.jar:/Users/Nabeel/.m2/repository/com/aventstack/extentreports/5.0.9/extentreports-5.0.9.jar:/Users/Nabeel/.m2/repository/io/reactivex/rxjava3/rxjava/3.0.4/rxjava-3.0.4.jar:/Users/Nabeel/.m2/repository/org/reactivestreams/reactive-streams/1.0.3/reactive-streams-1.0.3.jar:/Users/Nabeel/.m2/repository/org/freemarker/freemarker/2.3.30/freemarker-2.3.30.jar:/Users/Nabeel/.m2/repository/com/google/code/gson/gson/2.8.6/gson-2.8.6.jar:/Users/Nabeel/.m2/repository/junit/junit/4.11/junit-4.11.jar:/Users/Nabeel/.m2/repository/org/hamcrest/hamcrest-core/1.3/hamcrest-core-1.3.jar:"/>
    <property name="sun.cpu.endian" value="little"/>
    <property name="user.home" value="/Users/Nabeel"/>
    <property name="user.language" value="en"/>
    <property name="java.specification.vendor" value="Oracle Corporation"/>
    <property name="java.version.date" value="2021-07-20"/>
    <property name="java.home" value="/Library/Java/JavaVirtualMachines/jdk-16.0.2.jdk/Contents/Home"/>
    <property name="file.separator" value="/"/>
    <property name="basedir" value="/Users/Nabeel/eclipse-workspace/E2EJuly2022"/>
    <property name="java.vm.compressedOopsMode" value="Zero based"/>
    <property name="line.separator" value="&#10;"/>
    <property name="java.specification.name" value="Java Platform API Specification"/>
    <property name="java.vm.specification.vendor" value="Oracle Corporation"/>
    <property name="surefire.real.class.path" value="/Users/Nabeel/eclipse-workspace/E2EJuly2022/target/surefire/surefirebooter-20220728121527253_3.jar"/>
    <property name="sun.management.compiler" value="HotSpot 64-Bit Tiered Compilers"/>
    <property name="ftp.nonProxyHosts" value="local|*.local|169.254/16|*.169.254/16"/>
    <property name="java.runtime.version" value="16.0.2+7-67"/>
    <property name="user.name" value="Nabeel"/>
    <property name="path.separator" value=":"/>
    <property name="os.version" value="11.3"/>
    <property name="java.runtime.name" value="Java(TM) SE Runtime Environment"/>
    <property name="file.encoding" value="UTF-8"/>
    <property name="java.vm.name" value="Java HotSpot(TM) 64-Bit Server VM"/>
    <property name="localRepository" value="/Users/Nabeel/.m2/repository"/>
    <property name="java.vendor.url.bug" value="https://bugreport.java.com/bugreport/"/>
    <property name="java.io.tmpdir" value="/var/folders/0q/v1_ylhjs4qg5xnc0z3msg6_00000gn/T/"/>
    <property name="java.version" value="16.0.2"/>
    <property name="user.dir" value="/Users/Nabeel/eclipse-workspace/E2EJuly2022"/>
    <property name="os.arch" value="x86_64"/>
    <property name="java.vm.specification.name" value="Java Virtual Machine Specification"/>
    <property name="java.library.path" value="/Users/Nabeel/Library/Java/Extensions:/Library/Java/Extensions:/Network/Library/Java/Extensions:/System/Library/Java/Extensions:/usr/lib/java:."/>
    <property name="java.vm.info" value="mixed mode, sharing"/>
    <property name="java.vendor" value="Oracle Corporation"/>
    <property name="java.vm.version" value="16.0.2+7-67"/>
    <property name="sun.io.unicode.encoding" value="UnicodeBig"/>
    <property name="socksNonProxyHosts" value="local|*.local|169.254/16|*.169.254/16"/>
    <property name="java.class.version" value="60.0"/>
  </properties>
  <testcase name="negativeTest" classname="com.andoorathodi.E2EJuly2022.RediffMainPage" time="12.158">
    <failure message="no such element: Unable to locate element: {&quot;method&quot;:&quot;link text&quot;,&quot;selector&quot;:&quot;Newss&quot;}&#10;  (Session info: chrome=103.0.5060.134)&#10;For documentation on this error, please visit: https://selenium.dev/exceptions/#no_such_element&#10;Build info: version: &apos;4.3.0&apos;, revision: &apos;a4995e2c09*&apos;&#10;System info: host: &apos;MacBook-Pro.local&apos;, ip: &apos;2601:1c0:6900:4460:0:0:0:353f%en0&apos;, os.name: &apos;Mac OS X&apos;, os.arch: &apos;x86_64&apos;, os.version: &apos;11.3&apos;, java.version: &apos;16.0.2&apos;&#10;Driver info: org.openqa.selenium.chrome.ChromeDriver&#10;Command: [47b436d78ecf8ad4adcf3b40a11edd55, findElement {using=link text, value=Newss}]&#10;Capabilities {acceptInsecureCerts: false, browserName: chrome, browserVersion: 103.0.5060.134, chrome: {chromedriverVersion: 103.0.5060.134 (8ec6fce403b..., userDataDir: /var/folders/0q/v1_ylhjs4qg...}, goog:chromeOptions: {debuggerAddress: localhost:65077}, networkConnectionEnabled: false, pageLoadStrategy: normal, platformName: MAC, proxy: Proxy(), se:cdp: ws://localhost:65077/devtoo..., se:cdpVersion: 103.0.5060.134, setWindowRect: true, strictFileInteractability: false, timeouts: {implicit: 0, pageLoad: 300000, script: 30000}, unhandledPromptBehavior: dismiss and notify, webauthn:extension:credBlob: true, webauthn:extension:largeBlob: true, webauthn:virtualAuthenticators: true}&#10;Session ID: 47b436d78ecf8ad4adcf3b40a11edd55" type="org.openqa.selenium.NoSuchElementException"><![CDATA[org.openqa.selenium.NoSuchElementException: 
no such element: Unable to locate element: {"method":"link text","selector":"Newss"}
  (Session info: chrome=103.0.5060.134)
For documentation on this error, please visit: https://selenium.dev/exceptions/#no_such_element
Build info: version: '4.3.0', revision: 'a4995e2c09*'
System info: host: 'MacBook-Pro.local', ip: '2601:1c0:6900:4460:0:0:0:353f%en0', os.name: 'Mac OS X', os.arch: 'x86_64', os.version: '11.3', java.version: '16.0.2'
Driver info: org.openqa.selenium.chrome.ChromeDriver
Command: [47b436d78ecf8ad4adcf3b40a11edd55, findElement {using=link text, value=Newss}]
Capabilities {acceptInsecureCerts: false, browserName: chrome, browserVersion: 103.0.5060.134, chrome: {chromedriverVersion: 103.0.5060.134 (8ec6fce403b..., userDataDir: /var/folders/0q/v1_ylhjs4qg...}, goog:chromeOptions: {debuggerAddress: localhost:65077}, networkConnectionEnabled: false, pageLoadStrategy: normal, platformName: MAC, proxy: Proxy(), se:cdp: ws://localhost:65077/devtoo..., se:cdpVersion: 103.0.5060.134, setWindowRect: true, strictFileInteractability: false, timeouts: {implicit: 0, pageLoad: 300000, script: 30000}, unhandledPromptBehavior: dismiss and notify, webauthn:extension:credBlob: true, webauthn:extension:largeBlob: true, webauthn:virtualAuthenticators: true}
Session ID: 47b436d78ecf8ad4adcf3b40a11edd55
	at java.base/jdk.internal.reflect.NativeConstructorAccessorImpl.newInstance0(Native Method)
	at java.base/jdk.internal.reflect.NativeConstructorAccessorImpl.newInstance(NativeConstructorAccessorImpl.java:78)
	at java.base/jdk.internal.reflect.DelegatingConstructorAccessorImpl.newInstance(DelegatingConstructorAccessorImpl.java:45)
	at java.base/java.lang.reflect.Constructor.newInstanceWithCaller(Constructor.java:499)
	at java.base/java.lang.reflect.Constructor.newInstance(Constructor.java:480)
	at org.openqa.selenium.remote.codec.w3c.W3CHttpResponseCodec.createException(W3CHttpResponseCodec.java:200)
	at org.openqa.selenium.remote.codec.w3c.W3CHttpResponseCodec.decode(W3CHttpResponseCodec.java:133)
	at org.openqa.selenium.remote.codec.w3c.W3CHttpResponseCodec.decode(W3CHttpResponseCodec.java:53)
	at org.openqa.selenium.remote.HttpCommandExecutor.execute(HttpCommandExecutor.java:184)
	at org.openqa.selenium.remote.service.DriverCommandExecutor.invokeExecute(DriverCommandExecutor.java:167)
	at org.openqa.selenium.remote.service.DriverCommandExecutor.execute(DriverCommandExecutor.java:142)
	at org.openqa.selenium.remote.RemoteWebDriver.execute(RemoteWebDriver.java:569)
	at org.openqa.selenium.remote.ElementLocation$ElementFinder$2.findElement(ElementLocation.java:162)
	at org.openqa.selenium.remote.ElementLocation.findElement(ElementLocation.java:60)
	at org.openqa.selenium.remote.RemoteWebDriver.findElement(RemoteWebDriver.java:387)
	at org.openqa.selenium.remote.RemoteWebDriver.findElement(RemoteWebDriver.java:379)
	at com.andoorathodi.E2EJuly2022.RediffMainPage.negativeTest(RediffMainPage.java:60)
	at java.base/jdk.internal.reflect.NativeMethodAccessorImpl.invoke0(Native Method)
	at java.base/jdk.internal.reflect.NativeMethodAccessorImpl.invoke(NativeMethodAccessorImpl.java:78)
	at java.base/jdk.internal.reflect.DelegatingMethodAccessorImpl.invoke(DelegatingMethodAccessorImpl.java:43)
	at java.base/java.lang.reflect.Method.invoke(Method.java:567)
	at org.testng.internal.invokers.MethodInvocationHelper.invokeMethod(MethodInvocationHelper.java:139)
	at org.testng.internal.invokers.TestInvoker.invokeMethod(TestInvoker.java:677)
	at org.testng.internal.invokers.TestInvoker.invokeTestMethod(TestInvoker.java:221)
	at org.testng.internal.invokers.MethodRunner.runInSequence(MethodRunner.java:50)
	at org.testng.internal.invokers.TestInvoker$MethodInvocationAgent.invoke(TestInvoker.java:962)
	at org.testng.internal.invokers.TestInvoker.invokeTestMethods(TestInvoker.java:194)
	at org.testng.internal.invokers.TestMethodWorker.invokeTestMethods(TestMethodWorker.java:148)
	at org.testng.internal.invokers.TestMethodWorker.run(TestMethodWorker.java:128)
	at java.base/java.util.ArrayList.forEach(ArrayList.java:1511)
	at org.testng.TestRunner.privateRun(TestRunner.java:806)
	at org.testng.TestRunner.run(TestRunner.java:601)
	at org.testng.SuiteRunner.runTest(SuiteRunner.java:433)
	at org.testng.SuiteRunner.runSequentially(SuiteRunner.java:427)
	at org.testng.SuiteRunner.privateRun(SuiteRunner.java:387)
	at org.testng.SuiteRunner.run(SuiteRunner.java:330)
	at org.testng.SuiteRunnerWorker.runSuite(SuiteRunnerWorker.java:52)
	at org.testng.SuiteRunnerWorker.run(SuiteRunnerWorker.java:95)
	at org.testng.TestNG.runSuitesSequentially(TestNG.java:1256)
	at org.testng.TestNG.runSuitesLocally(TestNG.java:1176)
	at org.testng.TestNG.runSuites(TestNG.java:1099)
	at org.testng.TestNG.run(TestNG.java:1067)
	at org.apache.maven.surefire.testng.TestNGExecutor.run(TestNGExecutor.java:324)
	at org.apache.maven.surefire.testng.TestNGXmlTestSuite.execute(TestNGXmlTestSuite.java:74)
	at org.apache.maven.surefire.testng.TestNGProvider.invoke(TestNGProvider.java:123)
	at org.apache.maven.surefire.booter.ForkedBooter.runSuitesInProcess(ForkedBooter.java:456)
	at org.apache.maven.surefire.booter.ForkedBooter.execute(ForkedBooter.java:169)
	at org.apache.maven.surefire.booter.ForkedBooter.run(ForkedBooter.java:595)
	at org.apache.maven.surefire.booter.ForkedBooter.main(ForkedBooter.java:581)
]]></failure>
    <system-err><![CDATA[SLF4J: Failed to load class "org.slf4j.impl.StaticLoggerBinder".
SLF4J: Defaulting to no-operation (NOP) logger implementation
SLF4J: See http://www.slf4j.org/codes.html#StaticLoggerBinder for further details.
Starting ChromeDriver 103.0.5060.134 (8ec6fce403b3feb0869b0732eda8bd95011d333c-refs/branch-heads/5060@{#1262}) on port 54956
Only local connections are allowed.
Please see https://chromedriver.chromium.org/security-considerations for suggestions on keeping ChromeDriver safe.
ChromeDriver was started successfully.
Jul 28, 2022 12:15:32 PM org.openqa.selenium.remote.ProtocolHandshake createSession
INFO: Detected upstream dialect: W3C
Jul 28, 2022 12:15:33 PM org.openqa.selenium.devtools.CdpVersionFinder findNearestMatch
INFO: Found exact CDP implementation for version 103
]]></system-err>
  </testcase>
  <testcase name="start[nabeel, afd](1)" classname="com.andoorathodi.E2EJuly2022.RediffMainPage" time="13.267">
    <system-out><![CDATA[TESTT111111
TESTT
]]></system-out>
  </testcase>
  <testcase name="start[shibil, jkll](2)" classname="com.andoorathodi.E2EJuly2022.RediffMainPage" time="7.06">
    <system-out><![CDATA[TESTT111111
TESTT
]]></system-out>
  </testcase>
</testsuite>