<?xml version="1.0" encoding="UTF-8"?>
<!-- Generated by org.testng.reporters.JUnitReportReporter -->
<testsuite hostname="MacBook-Pro.local" failures="0" tests="2" name="com.andoorathodi.E2EJuly2022.RediffMainPage" time="21.476" errors="0" timestamp="2022-07-22T12:00:58 PDT" skipped="0">
  <testcase classname="com.andoorathodi.E2EJuly2022.RediffMainPage" name="start" time="7.971"/>
  <system-out/>
  <testcase classname="com.andoorathodi.E2EJuly2022.RediffMainPage" name="start" time="13.505"/>
  <system-out/>
</testsuite> <!-- com.andoorathodi.E2EJuly2022.RediffMainPage -->
