<?xml version="1.0" encoding="UTF-8"?>
<!-- Generated by org.testng.reporters.JUnitReportReporter -->
<testsuite hostname="MacBook-Pro.local" failures="0" tests="2" name="Runnerclass.testRunner" time="28.482" errors="0" timestamp="2022-08-02T12:23:10 PDT" skipped="0">
  <testcase classname="Runnerclass.testRunner" name="runScenario" time="19.647"/>
  <system-out/>
  <testcase classname="Runnerclass.testRunner" name="runScenario" time="8.835"/>
  <system-out/>
</testsuite> <!-- Runnerclass.testRunner -->
